<?xml version="1.0" encoding="UTF-8"?>
<!-- Generated by org.testng.reporters.JUnitXMLReporter -->
<testsuite hostname="Handans-MacBook-Pro.local" ignored="0" name="Smoke tests using firefox" tests="5" failures="0" timestamp="07 Mar 2018 00:10:23 GMT" time="26.76" errors="0">
  <testcase name="positiveLoginTest" time="2.252" classname="com.prestashop.tests.registration.LoginTests"/>
  <testcase name="searchTest" time="6.11" classname="com.prestashop.tests.search.SearchTest"/>
  <testcase name="searchTest" time="6.057" classname="com.prestashop.tests.search.ProductDetailsTest"/>
  <testcase name="phoneNumberAreaTest" time="0.055" classname="com.prestashop.tests.contactus.PhoneNumberTest"/>
  <testcase name="sendMessage" time="0.001" classname="com.prestashop.tests.contactus.PhoneNumberTest"/>
</testsuite> <!-- Smoke tests using firefox -->
