<?xml version="1.0" encoding="UTF-8"?>
<!-- Generated by org.testng.reporters.JUnitXMLReporter -->
<testsuite hostname="Handans-MacBook-Pro.local" ignored="0" name="Checkout" tests="2" failures="0" timestamp="05 Mar 2018 15:45:13 GMT" time="5.576" errors="0">
  <testcase name="productListing" time="0.987" classname="com.prestashop.tests.checkout.ProductCheckoutTest"/>
  <testcase name="checkoutTest" time="0.685" classname="com.prestashop.tests.checkout.ProductCheckoutTest"/>
</testsuite> <!-- Checkout -->
