<?xml version="1.0" encoding="UTF-8"?>
<!-- Generated by org.testng.reporters.JUnitXMLReporter -->
<testsuite hostname="Handans-MacBook-Pro.local" ignored="0" name="Smoke test" tests="2" failures="0" timestamp="07 Mar 2018 00:09:43 GMT" time="15.472" errors="0">
  <testcase name="searchTest" time="6.074" classname="com.prestashop.tests.search.SearchTest"/>
  <testcase name="positiveLoginTest" time="2.116" classname="com.prestashop.tests.registration.LoginTests"/>
</testsuite> <!-- Smoke test -->
