<?xml version="1.0" encoding="UTF-8"?>
<!-- Generated by org.testng.reporters.JUnitXMLReporter -->
<testsuite hostname="CybertekSchools-iMac.local" ignored="0" name="Search tests" tests="2" failures="0" timestamp="04 Mar 2018 19:47:44 GMT" time="13.62" errors="0">
  <testcase name="searchTest" time="5.158" classname="com.prestashop.tests.search.SearchTest"/>
  <testcase name="positiveLoginTest" time="1.652" classname="com.prestashop.tests.registration.LoginTests"/>
</testsuite> <!-- Search tests -->
